2021-06-28 16:21:08,880 - root - INFO - Started calculating distance
2021-06-28 16:21:08,880 - root - INFO - Calculating distance for route : ['A', 'D', 'C']
2021-06-28 16:21:08,880 - root - INFO - Iteration through while loop
2021-06-28 16:21:08,880 - root - INFO - Current node ['A', 'B', 5]
2021-06-28 16:21:08,880 - root - INFO - Current node ['B', 'C', 4]
2021-06-28 16:21:08,880 - root - INFO - Current node ['C', 'D', 8]
2021-06-28 16:21:08,880 - root - INFO - Current node ['D', 'C', 8]
2021-06-28 16:21:08,880 - root - INFO - Current node ['D', 'E', 6]
2021-06-28 16:21:08,881 - root - INFO - Current node ['A', 'D', 5]
2021-06-28 16:21:08,881 - root - INFO - Current node ['C', 'E', 2]
2021-06-28 16:21:08,881 - root - INFO - Current node ['E', 'B', 3]
2021-06-28 16:21:08,881 - root - INFO - Current node ['A', 'E', 7]
2021-06-28 16:21:08,881 - root - INFO - Iteration through while loop
2021-06-28 16:21:08,882 - root - INFO - Current node ['A', 'B', 5]
2021-06-28 16:21:08,882 - root - INFO - Current node ['B', 'C', 4]
2021-06-28 16:21:08,882 - root - INFO - Current node ['C', 'D', 8]
2021-06-28 16:21:08,882 - root - INFO - Current node ['D', 'C', 8]
2021-06-28 16:21:08,882 - root - WARNING - Reached End Point
2021-06-28 16:21:08,882 - root - WARNING - Exited while loop
2021-06-28 16:21:08,882 - root - INFO - --------------------- Distance --------------------------------
2021-06-28 16:21:08,882 - root - CRITICAL - Traversing through Route : ['A', 'D', 'C']
2021-06-28 16:21:08,882 - root - CRITICAL - Total Distance covered : 13
2021-06-28 16:21:08,882 - root - CRITICAL - Total Nodes covered : 3
2021-06-28 16:35:49,737 - root - INFO - Started calculating distance
2021-06-28 16:35:49,737 - root - INFO - Calculating distance for route : ['A', 'D', 'C']
2021-06-28 16:35:49,737 - root - INFO - Iteration through while loop
2021-06-28 16:35:49,738 - root - INFO - Current node ['A', 'B', 5]
2021-06-28 16:35:49,738 - root - INFO - Current node ['B', 'C', 4]
2021-06-28 16:35:49,738 - root - INFO - Current node ['C', 'D', 8]
2021-06-28 16:35:49,738 - root - INFO - Current node ['D', 'C', 8]
2021-06-28 16:35:49,738 - root - INFO - Current node ['D', 'E', 6]
2021-06-28 16:35:49,738 - root - INFO - Current node ['A', 'D', 5]
2021-06-28 16:35:49,738 - root - INFO - Current node ['C', 'E', 2]
2021-06-28 16:35:49,738 - root - INFO - Current node ['E', 'B', 3]
2021-06-28 16:35:49,738 - root - INFO - Current node ['A', 'E', 7]
2021-06-28 16:35:49,738 - root - INFO - Iteration through while loop
2021-06-28 16:35:49,738 - root - INFO - Current node ['A', 'B', 5]
2021-06-28 16:35:49,738 - root - INFO - Current node ['B', 'C', 4]
2021-06-28 16:35:49,739 - root - INFO - Current node ['C', 'D', 8]
2021-06-28 16:35:49,739 - root - INFO - Current node ['D', 'C', 8]
2021-06-28 16:35:49,739 - root - WARNING - Reached End Point
2021-06-28 16:35:49,739 - root - WARNING - Exited while loop
2021-06-28 16:35:49,739 - root - INFO - --------------------- Distance --------------------------------
2021-06-28 16:35:49,739 - root - CRITICAL - Traversing through Route : ['A', 'D', 'C']
2021-06-28 16:35:49,739 - root - CRITICAL - Total Distance covered : 13
2021-06-28 16:35:49,739 - root - CRITICAL - Total Nodes covered : 3
2021-06-28 16:36:24,118 - root - INFO - Started calculating distance
2021-06-28 16:36:24,118 - root - INFO - Calculating distance for route : ['A', 'D', 'C']
2021-06-28 16:36:24,118 - root - INFO - Iteration through while loop
2021-06-28 16:36:24,118 - root - INFO - Current node ['A', 'B', 5]
2021-06-28 16:36:24,119 - root - INFO - Current node ['B', 'C', 4]
2021-06-28 16:36:24,119 - root - INFO - Current node ['C', 'D', 8]
2021-06-28 16:36:24,119 - root - INFO - Current node ['D', 'C', 8]
2021-06-28 16:36:24,119 - root - INFO - Current node ['D', 'E', 6]
2021-06-28 16:36:24,119 - root - INFO - Current node ['A', 'D', 5]
2021-06-28 16:36:24,119 - root - INFO - Current node ['C', 'E', 2]
2021-06-28 16:36:24,119 - root - INFO - Current node ['E', 'B', 3]
2021-06-28 16:36:24,119 - root - INFO - Current node ['A', 'E', 7]
2021-06-28 16:36:24,119 - root - INFO - Iteration through while loop
2021-06-28 16:36:24,119 - root - INFO - Current node ['A', 'B', 5]
2021-06-28 16:36:24,119 - root - INFO - Current node ['B', 'C', 4]
2021-06-28 16:36:24,119 - root - INFO - Current node ['C', 'D', 8]
2021-06-28 16:36:24,120 - root - INFO - Current node ['D', 'C', 8]
2021-06-28 16:36:24,120 - root - WARNING - Reached End Point
2021-06-28 16:36:24,120 - root - WARNING - Exited while loop
2021-06-28 16:36:24,120 - root - INFO - --------------------- Distance --------------------------------
2021-06-28 16:36:24,120 - root - CRITICAL - Traversing through Route : ['A', 'D', 'C']
2021-06-28 16:36:24,120 - root - CRITICAL - Total Distance covered : 13
2021-06-28 16:36:24,120 - root - CRITICAL - Total Nodes covered : 3
2021-06-28 16:38:10,947 - root - INFO - The start time is : 0.0934069
2021-06-28 16:38:10,947 - root - INFO - Started calculating distance
2021-06-28 16:38:10,947 - root - INFO - Calculating distance for route : ['A', 'D', 'C']
2021-06-28 16:38:10,947 - root - INFO - Iteration through while loop
2021-06-28 16:38:10,947 - root - INFO - Current node ['A', 'B', 5]
2021-06-28 16:38:10,947 - root - INFO - Current node ['B', 'C', 4]
2021-06-28 16:38:10,947 - root - INFO - Current node ['C', 'D', 8]
2021-06-28 16:38:10,947 - root - INFO - Current node ['D', 'C', 8]
2021-06-28 16:38:10,948 - root - INFO - Current node ['D', 'E', 6]
2021-06-28 16:38:10,948 - root - INFO - Current node ['A', 'D', 5]
2021-06-28 16:38:10,948 - root - INFO - Current node ['C', 'E', 2]
2021-06-28 16:38:10,948 - root - INFO - Current node ['E', 'B', 3]
2021-06-28 16:38:10,948 - root - INFO - Current node ['A', 'E', 7]
2021-06-28 16:38:10,948 - root - INFO - Iteration through while loop
2021-06-28 16:38:10,948 - root - INFO - Current node ['A', 'B', 5]
2021-06-28 16:38:10,948 - root - INFO - Current node ['B', 'C', 4]
2021-06-28 16:38:10,948 - root - INFO - Current node ['C', 'D', 8]
2021-06-28 16:38:10,948 - root - INFO - Current node ['D', 'C', 8]
2021-06-28 16:38:10,948 - root - WARNING - Reached End Point
2021-06-28 16:38:10,948 - root - WARNING - Exited while loop
2021-06-28 16:38:10,948 - root - INFO - --------------------- Distance --------------------------------
2021-06-28 16:38:10,948 - root - CRITICAL - Traversing through Route : ['A', 'D', 'C']
2021-06-28 16:38:10,949 - root - CRITICAL - Total Distance covered : 13
2021-06-28 16:38:10,949 - root - CRITICAL - Total Nodes covered : 3
2021-06-28 16:38:10,949 - root - INFO - The time difference is : 0.0019668000000000047
2021-06-28 16:39:18,592 - root - WARNING - Start time is : 0.0923806
2021-06-28 16:39:18,592 - root - INFO - Started calculating distance
2021-06-28 16:39:18,593 - root - INFO - Calculating distance for route : ['A', 'D', 'C']
2021-06-28 16:39:18,593 - root - INFO - Iteration through while loop
2021-06-28 16:39:18,593 - root - INFO - Current node ['A', 'B', 5]
2021-06-28 16:39:18,593 - root - INFO - Current node ['B', 'C', 4]
2021-06-28 16:39:18,593 - root - INFO - Current node ['C', 'D', 8]
2021-06-28 16:39:18,593 - root - INFO - Current node ['D', 'C', 8]
2021-06-28 16:39:18,593 - root - INFO - Current node ['D', 'E', 6]
2021-06-28 16:39:18,593 - root - INFO - Current node ['A', 'D', 5]
2021-06-28 16:39:18,593 - root - INFO - Current node ['C', 'E', 2]
2021-06-28 16:39:18,593 - root - INFO - Current node ['E', 'B', 3]
2021-06-28 16:39:18,593 - root - INFO - Current node ['A', 'E', 7]
2021-06-28 16:39:18,593 - root - INFO - Iteration through while loop
2021-06-28 16:39:18,594 - root - INFO - Current node ['A', 'B', 5]
2021-06-28 16:39:18,594 - root - INFO - Current node ['B', 'C', 4]
2021-06-28 16:39:18,594 - root - INFO - Current node ['C', 'D', 8]
2021-06-28 16:39:18,594 - root - INFO - Current node ['D', 'C', 8]
2021-06-28 16:39:18,594 - root - WARNING - Reached End Point
2021-06-28 16:39:18,594 - root - WARNING - Exited while loop
2021-06-28 16:39:18,594 - root - INFO - --------------------- Distance --------------------------------
2021-06-28 16:39:18,594 - root - CRITICAL - Traversing through Route : ['A', 'D', 'C']
2021-06-28 16:39:18,594 - root - CRITICAL - Total Distance covered : 13
2021-06-28 16:39:18,594 - root - CRITICAL - Total Nodes covered : 3
2021-06-28 16:39:18,594 - root - WARNING - End time is : 0.0944707
2021-06-28 16:39:18,594 - root - CRITICAL - The time difference is : 0.002161100000000013
2021-06-28 16:41:50,733 - root - WARNING - START time is : 0.103518
2021-06-28 16:41:50,733 - root - INFO - Started calculating distance
2021-06-28 16:41:50,733 - root - INFO - Calculating distance for route : ['A', 'D', 'C']
2021-06-28 16:41:50,733 - root - INFO - Iteration through while loop
2021-06-28 16:41:50,733 - root - INFO - Current node ['A', 'B', 5]
2021-06-28 16:41:50,733 - root - INFO - Current node ['B', 'C', 4]
2021-06-28 16:41:50,733 - root - INFO - Current node ['C', 'D', 8]
2021-06-28 16:41:50,733 - root - INFO - Current node ['D', 'C', 8]
2021-06-28 16:41:50,733 - root - INFO - Current node ['D', 'E', 6]
2021-06-28 16:41:50,733 - root - INFO - Current node ['A', 'D', 5]
2021-06-28 16:41:50,733 - root - INFO - Current node ['C', 'E', 2]
2021-06-28 16:41:50,733 - root - INFO - Current node ['E', 'B', 3]
2021-06-28 16:41:50,733 - root - INFO - Current node ['A', 'E', 7]
2021-06-28 16:41:50,733 - root - INFO - Iteration through while loop
2021-06-28 16:41:50,733 - root - INFO - Current node ['A', 'B', 5]
2021-06-28 16:41:50,733 - root - INFO - Current node ['B', 'C', 4]
2021-06-28 16:41:50,733 - root - INFO - Current node ['C', 'D', 8]
2021-06-28 16:41:50,733 - root - INFO - Current node ['D', 'C', 8]
2021-06-28 16:41:50,733 - root - WARNING - Reached End Point
2021-06-28 16:41:50,733 - root - WARNING - Exited while loop
2021-06-28 16:41:50,733 - root - INFO - --------------------- Distance --------------------------------
2021-06-28 16:41:50,733 - root - CRITICAL - Traversing through Route : ['A', 'D', 'C']
2021-06-28 16:41:50,733 - root - CRITICAL - Total Distance covered : 13
2021-06-28 16:41:50,733 - root - CRITICAL - Total Nodes covered : 3
2021-06-28 16:41:50,733 - root - WARNING - END time is : 0.1076674
2021-06-28 16:41:50,733 - root - CRITICAL - The time difference is : 0.004239699999999999
2021-06-28 16:44:01,883 - root - WARNING - START time : 0.1086464
2021-06-28 16:44:01,883 - root - INFO - Started calculating distance
2021-06-28 16:44:01,883 - root - INFO - Calculating distance for route : ['A', 'D', 'C']
2021-06-28 16:44:01,883 - root - INFO - Iteration through while loop
2021-06-28 16:44:01,884 - root - INFO - Current node ['A', 'B', 5]
2021-06-28 16:44:01,884 - root - INFO - Current node ['B', 'C', 4]
2021-06-28 16:44:01,884 - root - INFO - Current node ['C', 'D', 8]
2021-06-28 16:44:01,884 - root - INFO - Current node ['D', 'C', 8]
2021-06-28 16:44:01,885 - root - INFO - Current node ['D', 'E', 6]
2021-06-28 16:44:01,885 - root - INFO - Current node ['A', 'D', 5]
2021-06-28 16:44:01,885 - root - INFO - Current node ['C', 'E', 2]
2021-06-28 16:44:01,885 - root - INFO - Current node ['E', 'B', 3]
2021-06-28 16:44:01,885 - root - INFO - Current node ['A', 'E', 7]
2021-06-28 16:44:01,885 - root - INFO - Iteration through while loop
2021-06-28 16:44:01,885 - root - INFO - Current node ['A', 'B', 5]
2021-06-28 16:44:01,885 - root - INFO - Current node ['B', 'C', 4]
2021-06-28 16:44:01,886 - root - INFO - Current node ['C', 'D', 8]
2021-06-28 16:44:01,886 - root - INFO - Current node ['D', 'C', 8]
2021-06-28 16:44:01,886 - root - WARNING - Reached End Point
2021-06-28 16:44:01,886 - root - WARNING - Exited while loop
2021-06-28 16:44:01,886 - root - INFO - --------------------- Distance --------------------------------
2021-06-28 16:44:01,886 - root - CRITICAL - Traversing through Route : ['A', 'D', 'C']
2021-06-28 16:44:01,886 - root - CRITICAL - Total Distance covered : 13
2021-06-28 16:44:01,887 - root - CRITICAL - Total Nodes covered : 3
2021-06-28 16:44:01,887 - root - WARNING - END time : 0.1127308
2021-06-28 16:44:01,887 - root - CRITICAL - TOTAL time taken : 0.004169999999999993
2021-06-28 17:12:03,712 - root - WARNING - START time : 0.2608848
2021-06-28 17:12:03,712 - root - INFO - Started calculating distance
2021-06-28 17:12:03,712 - root - INFO - Calculating distance for route : ['A', 'D', 'C']
2021-06-28 17:12:03,712 - root - INFO - Iteration through while loop
2021-06-28 17:12:03,712 - root - INFO - Current node ['A', 'B', 5]
2021-06-28 17:12:03,712 - root - INFO - Current node ['B', 'C', 4]
2021-06-28 17:12:03,712 - root - INFO - Current node ['C', 'D', 8]
2021-06-28 17:12:03,712 - root - INFO - Current node ['D', 'C', 8]
2021-06-28 17:12:03,712 - root - INFO - Current node ['D', 'E', 6]
2021-06-28 17:12:03,712 - root - INFO - Current node ['A', 'D', 5]
2021-06-28 17:12:03,712 - root - INFO - Current node ['C', 'E', 2]
2021-06-28 17:12:03,712 - root - INFO - Current node ['E', 'B', 3]
2021-06-28 17:12:03,712 - root - INFO - Current node ['A', 'E', 7]
2021-06-28 17:12:03,712 - root - INFO - Iteration through while loop
2021-06-28 17:12:03,712 - root - INFO - Current node ['A', 'B', 5]
2021-06-28 17:12:03,712 - root - INFO - Current node ['B', 'C', 4]
2021-06-28 17:12:03,712 - root - INFO - Current node ['C', 'D', 8]
2021-06-28 17:12:03,712 - root - INFO - Current node ['D', 'C', 8]
2021-06-28 17:12:03,712 - root - WARNING - Reached End Point
2021-06-28 17:12:03,712 - root - WARNING - Exited while loop
2021-06-28 17:12:03,712 - root - INFO - --------------------- Distance --------------------------------
2021-06-28 17:12:03,712 - root - CRITICAL - Traversing through Route : ['A', 'D', 'C']
2021-06-28 17:12:03,712 - root - CRITICAL - Total Distance covered : 13
2021-06-28 17:12:03,712 - root - CRITICAL - Total Nodes covered : 3
2021-06-28 17:12:03,712 - root - WARNING - END time : 0.2630629
2021-06-28 17:12:03,712 - root - CRITICAL - TOTAL time taken : 0.002259100000000014
2021-06-28 17:15:48,522 - root - WARNING - START time : 0.208243
2021-06-28 17:15:48,522 - root - INFO - Started calculating distance
2021-06-28 17:15:48,522 - root - INFO - Calculating distance for route : ['A', 'D', 'C']
2021-06-28 17:15:48,522 - root - INFO - Iteration through while loop
2021-06-28 17:15:48,522 - root - INFO - Current node ['A', 'B', 5]
2021-06-28 17:15:48,522 - root - INFO - Current node ['B', 'C', 4]
2021-06-28 17:15:48,522 - root - INFO - Current node ['C', 'D', 8]
2021-06-28 17:15:48,522 - root - INFO - Current node ['D', 'C', 8]
2021-06-28 17:15:48,522 - root - INFO - Current node ['D', 'E', 6]
2021-06-28 17:15:48,522 - root - INFO - Current node ['A', 'D', 5]
2021-06-28 17:15:48,522 - root - INFO - Current node ['C', 'E', 2]
2021-06-28 17:15:48,522 - root - INFO - Current node ['E', 'B', 3]
2021-06-28 17:15:48,522 - root - INFO - Current node ['A', 'E', 7]
2021-06-28 17:15:48,522 - root - INFO - Iteration through while loop
2021-06-28 17:15:48,522 - root - INFO - Current node ['A', 'B', 5]
2021-06-28 17:15:48,522 - root - INFO - Current node ['B', 'C', 4]
2021-06-28 17:15:48,522 - root - INFO - Current node ['C', 'D', 8]
2021-06-28 17:15:48,522 - root - INFO - Current node ['D', 'C', 8]
2021-06-28 17:15:48,538 - root - WARNING - Reached End Point
2021-06-28 17:15:48,538 - root - WARNING - Exited while loop
2021-06-28 17:15:48,538 - root - INFO - --------------------- Distance --------------------------------
2021-06-28 17:15:48,538 - root - CRITICAL - Traversing through Route : ['A', 'D', 'C']
2021-06-28 17:15:48,538 - root - CRITICAL - Total Distance covered : 13
2021-06-28 17:15:48,538 - root - CRITICAL - Total Nodes covered : 3
2021-06-28 17:15:48,538 - root - WARNING - END time : 0.2108966
2021-06-28 17:15:48,538 - root - CRITICAL - TOTAL time taken : 0.0027387999999999857
2021-06-28 17:18:22,398 - root - WARNING - START time : 0.2208061
2021-06-28 17:18:22,398 - root - INFO - Started calculating distance
2021-06-28 17:18:22,398 - root - INFO - Calculating distance for route : ['A', 'D', 'C']
2021-06-28 17:18:22,398 - root - INFO - Iteration through while loop
2021-06-28 17:18:22,398 - root - INFO - Current node ['A', 'B', 5]
2021-06-28 17:18:22,398 - root - INFO - Current node ['B', 'C', 4]
2021-06-28 17:18:22,398 - root - INFO - Current node ['C', 'D', 8]
2021-06-28 17:18:22,398 - root - INFO - Current node ['D', 'C', 8]
2021-06-28 17:18:22,398 - root - INFO - Current node ['D', 'E', 6]
2021-06-28 17:18:22,398 - root - INFO - Current node ['A', 'D', 5]
2021-06-28 17:18:22,398 - root - INFO - Current node ['C', 'E', 2]
2021-06-28 17:18:22,398 - root - INFO - Current node ['E', 'B', 3]
2021-06-28 17:18:22,398 - root - INFO - Current node ['A', 'E', 7]
2021-06-28 17:18:22,398 - root - INFO - Iteration through while loop
2021-06-28 17:18:22,398 - root - INFO - Current node ['A', 'B', 5]
2021-06-28 17:18:22,398 - root - INFO - Current node ['B', 'C', 4]
2021-06-28 17:18:22,398 - root - INFO - Current node ['C', 'D', 8]
2021-06-28 17:18:22,398 - root - INFO - Current node ['D', 'C', 8]
2021-06-28 17:18:22,398 - root - WARNING - Reached End Point
2021-06-28 17:18:22,398 - root - WARNING - Exited while loop
2021-06-28 17:18:22,398 - root - INFO - --------------------- Distance --------------------------------
2021-06-28 17:18:22,398 - root - CRITICAL - Traversing through Route : ['A', 'D', 'C']
2021-06-28 17:18:22,398 - root - CRITICAL - Total Distance covered : 13
2021-06-28 17:18:22,398 - root - CRITICAL - Total Nodes covered : 3
2021-06-28 17:18:22,398 - root - WARNING - END time : 0.2231123
2021-06-28 17:18:22,398 - root - CRITICAL - TOTAL time taken : 0.0023890000000000022
2021-06-28 17:18:52,892 - root - WARNING - START time : 0.2093065
2021-06-28 17:18:52,892 - root - INFO - Started calculating distance
2021-06-28 17:18:52,892 - root - INFO - Calculating distance for route : ['A', 'D', 'C']
2021-06-28 17:18:52,892 - root - INFO - Iteration through while loop
2021-06-28 17:18:52,892 - root - INFO - Current node ['A', 'B', 5]
2021-06-28 17:18:52,892 - root - INFO - Current node ['B', 'C', 4]
2021-06-28 17:18:52,892 - root - INFO - Current node ['C', 'D', 8]
2021-06-28 17:18:52,892 - root - INFO - Current node ['D', 'C', 8]
2021-06-28 17:18:52,892 - root - INFO - Current node ['D', 'E', 6]
2021-06-28 17:18:52,892 - root - INFO - Current node ['A', 'D', 5]
2021-06-28 17:18:52,892 - root - INFO - Current node ['C', 'E', 2]
2021-06-28 17:18:52,892 - root - INFO - Current node ['E', 'B', 3]
2021-06-28 17:18:52,892 - root - INFO - Current node ['A', 'E', 7]
2021-06-28 17:18:52,892 - root - INFO - Iteration through while loop
2021-06-28 17:18:52,892 - root - INFO - Current node ['A', 'B', 5]
2021-06-28 17:18:52,892 - root - INFO - Current node ['B', 'C', 4]
2021-06-28 17:18:52,892 - root - INFO - Current node ['C', 'D', 8]
2021-06-28 17:18:52,892 - root - INFO - Current node ['D', 'C', 8]
2021-06-28 17:18:52,892 - root - WARNING - Reached End Point
2021-06-28 17:18:52,892 - root - WARNING - Exited while loop
2021-06-28 17:18:52,892 - root - INFO - --------------------- Distance --------------------------------
2021-06-28 17:18:52,892 - root - CRITICAL - Traversing through Route : ['A', 'D', 'C']
2021-06-28 17:18:52,892 - root - CRITICAL - Total Distance covered : 13
2021-06-28 17:18:52,892 - root - CRITICAL - Total Nodes covered : 3
2021-06-28 17:18:52,892 - root - WARNING - END time : 0.2115778
2021-06-28 17:18:52,892 - root - CRITICAL - TOTAL time taken : 0.0023593999999999837
2021-06-28 17:20:11,240 - root - WARNING - START time : 0.2355235
2021-06-28 17:20:11,240 - root - INFO - Started calculating distance
2021-06-28 17:20:11,240 - root - INFO - Calculating distance for route : ['A', 'D', 'C']
2021-06-28 17:20:11,240 - root - INFO - Iteration through while loop
2021-06-28 17:20:11,240 - root - INFO - Current node ['A', 'B', 5]
2021-06-28 17:20:11,240 - root - INFO - Current node ['B', 'C', 4]
2021-06-28 17:20:11,240 - root - INFO - Current node ['C', 'D', 8]
2021-06-28 17:20:11,240 - root - INFO - Current node ['D', 'C', 8]
2021-06-28 17:20:11,240 - root - INFO - Current node ['D', 'E', 6]
2021-06-28 17:20:11,240 - root - INFO - Current node ['A', 'D', 5]
2021-06-28 17:20:11,240 - root - INFO - Current node ['C', 'E', 2]
2021-06-28 17:20:11,240 - root - INFO - Current node ['E', 'B', 3]
2021-06-28 17:20:11,240 - root - INFO - Current node ['A', 'E', 7]
2021-06-28 17:20:11,240 - root - INFO - Iteration through while loop
2021-06-28 17:20:11,240 - root - INFO - Current node ['A', 'B', 5]
2021-06-28 17:20:11,240 - root - INFO - Current node ['B', 'C', 4]
2021-06-28 17:20:11,240 - root - INFO - Current node ['C', 'D', 8]
2021-06-28 17:20:11,240 - root - INFO - Current node ['D', 'C', 8]
2021-06-28 17:20:11,240 - root - WARNING - Reached End Point
2021-06-28 17:20:11,240 - root - WARNING - Exited while loop
2021-06-28 17:20:11,240 - root - INFO - --------------------- Distance --------------------------------
2021-06-28 17:20:11,240 - root - CRITICAL - Traversing through Route : ['A', 'D', 'C']
2021-06-28 17:20:11,240 - root - CRITICAL - Total Distance covered : 13
2021-06-28 17:20:11,240 - root - CRITICAL - Total Nodes covered : 3
2021-06-28 17:20:11,240 - root - WARNING - END time : 0.2377918
2021-06-28 17:20:11,240 - root - CRITICAL - TOTAL time taken : 0.0023535000000000084
2021-06-28 17:21:21,879 - root - WARNING - START time : 0.2441717
2021-06-28 17:21:21,879 - root - INFO - Started calculating distance
2021-06-28 17:21:21,879 - root - INFO - Calculating distance for route : ['A', 'D', 'C']
2021-06-28 17:21:21,879 - root - INFO - Iteration through while loop
2021-06-28 17:21:21,879 - root - INFO - Current node ['A', 'B', 5]
2021-06-28 17:21:21,879 - root - INFO - Current node ['B', 'C', 4]
2021-06-28 17:21:21,879 - root - INFO - Current node ['C', 'D', 8]
2021-06-28 17:21:21,879 - root - INFO - Current node ['D', 'C', 8]
2021-06-28 17:21:21,879 - root - INFO - Current node ['D', 'E', 6]
2021-06-28 17:21:21,879 - root - INFO - Current node ['A', 'D', 5]
2021-06-28 17:21:21,879 - root - INFO - Current node ['C', 'E', 2]
2021-06-28 17:21:21,879 - root - INFO - Current node ['E', 'B', 3]
2021-06-28 17:21:21,879 - root - INFO - Current node ['A', 'E', 7]
2021-06-28 17:21:21,879 - root - INFO - Iteration through while loop
2021-06-28 17:21:21,879 - root - INFO - Current node ['A', 'B', 5]
2021-06-28 17:21:21,879 - root - INFO - Current node ['B', 'C', 4]
2021-06-28 17:21:21,879 - root - INFO - Current node ['C', 'D', 8]
2021-06-28 17:21:21,879 - root - INFO - Current node ['D', 'C', 8]
2021-06-28 17:21:21,879 - root - WARNING - Reached End Point
2021-06-28 17:21:21,879 - root - WARNING - Exited while loop
2021-06-28 17:21:21,879 - root - INFO - --------------------- Distance --------------------------------
2021-06-28 17:21:21,879 - root - CRITICAL - Traversing through Route : ['A', 'D', 'C']
2021-06-28 17:21:21,879 - root - CRITICAL - Total Distance covered : 13
2021-06-28 17:21:21,879 - root - CRITICAL - Total Nodes covered : 3
2021-06-28 17:21:21,879 - root - WARNING - END time : 0.2465277
2021-06-28 17:21:21,879 - root - CRITICAL - TOTAL time taken : 0.002439700000000017
2021-06-28 17:22:49,854 - root - WARNING - START time : 0.2520443
2021-06-28 17:22:49,854 - root - INFO - Started calculating distance
2021-06-28 17:22:49,854 - root - INFO - Calculating distance for route : ['A', 'D', 'C']
2021-06-28 17:22:49,854 - root - INFO - Iteration through while loop
2021-06-28 17:22:49,854 - root - INFO - Current node ['A', 'B', 5]
2021-06-28 17:22:49,854 - root - INFO - Current node ['B', 'C', 4]
2021-06-28 17:22:49,854 - root - INFO - Current node ['C', 'D', 8]
2021-06-28 17:22:49,854 - root - INFO - Current node ['D', 'C', 8]
2021-06-28 17:22:49,854 - root - INFO - Current node ['D', 'E', 6]
2021-06-28 17:22:49,854 - root - INFO - Current node ['A', 'D', 5]
2021-06-28 17:22:49,854 - root - INFO - Current node ['C', 'E', 2]
2021-06-28 17:22:49,854 - root - INFO - Current node ['E', 'B', 3]
2021-06-28 17:22:49,854 - root - INFO - Current node ['A', 'E', 7]
2021-06-28 17:22:49,854 - root - INFO - Iteration through while loop
2021-06-28 17:22:49,854 - root - INFO - Current node ['A', 'B', 5]
2021-06-28 17:22:49,854 - root - INFO - Current node ['B', 'C', 4]
2021-06-28 17:22:49,854 - root - INFO - Current node ['C', 'D', 8]
2021-06-28 17:22:49,854 - root - INFO - Current node ['D', 'C', 8]
2021-06-28 17:22:49,854 - root - WARNING - Reached End Point
2021-06-28 17:22:49,854 - root - WARNING - Exited while loop
2021-06-28 17:22:49,854 - root - INFO - --------------------- Distance --------------------------------
2021-06-28 17:22:49,854 - root - CRITICAL - Traversing through Route : ['A', 'D', 'C']
2021-06-28 17:22:49,854 - root - CRITICAL - Total Distance covered : 13
2021-06-28 17:22:49,854 - root - CRITICAL - Total Nodes covered : 3
2021-06-28 17:22:49,854 - root - WARNING - END time : 0.2543209
2021-06-28 17:22:49,854 - root - CRITICAL - TOTAL time taken : 0.0023606999999999934
2021-06-28 17:22:49,854 - root - CRITICAL - All Test classes executed
2021-06-28 17:28:27,762 - root - WARNING - START time : 0.2430956
2021-06-28 17:28:27,762 - root - INFO - Started calculating distance
2021-06-28 17:28:27,762 - root - INFO - Calculating distance for route : ['A', 'D', 'C']
2021-06-28 17:28:27,762 - root - INFO - Iteration through while loop
2021-06-28 17:28:27,762 - root - INFO - Current node ['A', 'B', 5]
2021-06-28 17:28:27,762 - root - INFO - Current node ['B', 'C', 4]
2021-06-28 17:28:27,762 - root - INFO - Current node ['C', 'D', 8]
2021-06-28 17:28:27,762 - root - INFO - Current node ['D', 'C', 8]
2021-06-28 17:28:27,762 - root - INFO - Current node ['D', 'E', 6]
2021-06-28 17:28:27,762 - root - INFO - Current node ['A', 'D', 5]
2021-06-28 17:28:27,762 - root - INFO - Current node ['C', 'E', 2]
2021-06-28 17:28:27,762 - root - INFO - Current node ['E', 'B', 3]
2021-06-28 17:28:27,762 - root - INFO - Current node ['A', 'E', 7]
2021-06-28 17:28:27,762 - root - INFO - Iteration through while loop
2021-06-28 17:28:27,762 - root - INFO - Current node ['A', 'B', 5]
2021-06-28 17:28:27,762 - root - INFO - Current node ['B', 'C', 4]
2021-06-28 17:28:27,762 - root - INFO - Current node ['C', 'D', 8]
2021-06-28 17:28:27,762 - root - INFO - Current node ['D', 'C', 8]
2021-06-28 17:28:27,762 - root - WARNING - Reached End Point
2021-06-28 17:28:27,762 - root - WARNING - Exited while loop
2021-06-28 17:28:27,762 - root - INFO - --------------------- Distance --------------------------------
2021-06-28 17:28:27,762 - root - CRITICAL - Traversing through Route : ['A', 'D', 'C']
2021-06-28 17:28:27,762 - root - CRITICAL - Total Distance covered : 13
2021-06-28 17:28:27,762 - root - CRITICAL - Total Nodes covered : 3
2021-06-28 17:28:27,762 - root - WARNING - END time : 0.2452978
2021-06-28 17:28:27,762 - root - CRITICAL - TOTAL time taken : 0.0022840000000000082
2021-06-28 17:29:15,475 - root - WARNING - START time : 0.2371212
2021-06-28 17:29:15,475 - root - INFO - Started calculating distance
2021-06-28 17:29:15,475 - root - INFO - Calculating distance for route : ['A', 'D', 'C']
2021-06-28 17:29:15,475 - root - INFO - Iteration through while loop
2021-06-28 17:29:15,475 - root - INFO - Current node ['A', 'B', 5]
2021-06-28 17:29:15,475 - root - INFO - Current node ['B', 'C', 4]
2021-06-28 17:29:15,475 - root - INFO - Current node ['C', 'D', 8]
2021-06-28 17:29:15,475 - root - INFO - Current node ['D', 'C', 8]
2021-06-28 17:29:15,475 - root - INFO - Current node ['D', 'E', 6]
2021-06-28 17:29:15,475 - root - INFO - Current node ['A', 'D', 5]
2021-06-28 17:29:15,475 - root - INFO - Current node ['C', 'E', 2]
2021-06-28 17:29:15,475 - root - INFO - Current node ['E', 'B', 3]
2021-06-28 17:29:15,475 - root - INFO - Current node ['A', 'E', 7]
2021-06-28 17:29:15,475 - root - INFO - Iteration through while loop
2021-06-28 17:29:15,475 - root - INFO - Current node ['A', 'B', 5]
2021-06-28 17:29:15,475 - root - INFO - Current node ['B', 'C', 4]
2021-06-28 17:29:15,475 - root - INFO - Current node ['C', 'D', 8]
2021-06-28 17:29:15,475 - root - INFO - Current node ['D', 'C', 8]
2021-06-28 17:29:15,475 - root - WARNING - Reached End Point
2021-06-28 17:29:15,475 - root - WARNING - Exited while loop
2021-06-28 17:29:15,475 - root - INFO - --------------------- Distance --------------------------------
2021-06-28 17:29:15,475 - root - CRITICAL - Traversing through Route : ['A', 'D', 'C']
2021-06-28 17:29:15,475 - root - CRITICAL - Total Distance covered : 13
2021-06-28 17:29:15,475 - root - CRITICAL - Total Nodes covered : 3
2021-06-28 17:29:15,475 - root - WARNING - END time : 0.2393658
2021-06-28 17:29:15,475 - root - CRITICAL - TOTAL time taken : 0.0023274999999999824
2021-06-28 17:29:15,475 - root - CRITICAL - All Test classes executed
